[debug] [2019-01-13T01:07:42.878Z] ----------------------------------------------------------------------
[debug] [2019-01-13T01:07:42.880Z] Command:       C:\Program Files\nodejs\node.exe C:\Users\Adrian Luces\AppData\Roaming\npm\node_modules\firebase-tools\lib\bin\firebase.js deploy
[debug] [2019-01-13T01:07:42.880Z] CLI Version:   6.2.2
[debug] [2019-01-13T01:07:42.880Z] Platform:      win32
[debug] [2019-01-13T01:07:42.880Z] Node Version:  v10.13.0
[debug] [2019-01-13T01:07:42.881Z] Time:          Sat Jan 12 2019 21:07:42 GMT-0400 (Venezuela Time)
[debug] [2019-01-13T01:07:42.882Z] ----------------------------------------------------------------------
[debug] 
[debug] [2019-01-13T01:07:42.891Z] > command requires scopes: ["email","openid","https://www.googleapis.com/auth/cloudplatformprojects.readonly","https://www.googleapis.com/auth/firebase","https://www.googleapis.com/auth/cloud-platform"]
[debug] [2019-01-13T01:07:42.892Z] > authorizing via signed-in user
[debug] [2019-01-13T01:07:42.892Z] [iam] checking project cabtureit for permissions ["cloudfunctions.functions.create","cloudfunctions.functions.delete","cloudfunctions.functions.get","cloudfunctions.functions.list","cloudfunctions.functions.update","cloudfunctions.operations.get","firebase.projects.get","firebasedatabase.instances.update","firebasehosting.sites.update","firebaserules.releases.create","firebaserules.releases.update","firebaserules.rulesets.create"]
[debug] [2019-01-13T01:07:42.894Z] >>> HTTP REQUEST POST https://cloudresourcemanager.googleapis.com/v1/projects/cabtureit:testIamPermissions  

[debug] [2019-01-13T01:10:00.563Z] ----------------------------------------------------------------------
[debug] [2019-01-13T01:10:00.566Z] Command:       C:\Program Files\nodejs\node.exe C:\Users\Adrian Luces\AppData\Roaming\npm\node_modules\firebase-tools\lib\bin\firebase.js deploy
[debug] [2019-01-13T01:10:00.567Z] CLI Version:   6.2.2
[debug] [2019-01-13T01:10:00.567Z] Platform:      win32
[debug] [2019-01-13T01:10:00.567Z] Node Version:  v10.13.0
[debug] [2019-01-13T01:10:00.568Z] Time:          Sat Jan 12 2019 21:10:00 GMT-0400 (Venezuela Time)
[debug] [2019-01-13T01:10:00.568Z] ----------------------------------------------------------------------
[debug] 
[debug] [2019-01-13T01:10:00.578Z] > command requires scopes: ["email","openid","https://www.googleapis.com/auth/cloudplatformprojects.readonly","https://www.googleapis.com/auth/firebase","https://www.googleapis.com/auth/cloud-platform"]
[debug] [2019-01-13T01:10:00.578Z] > authorizing via signed-in user
[debug] [2019-01-13T01:10:00.578Z] [iam] checking project cabtureit for permissions ["cloudfunctions.functions.create","cloudfunctions.functions.delete","cloudfunctions.functions.get","cloudfunctions.functions.list","cloudfunctions.functions.update","cloudfunctions.operations.get","firebase.projects.get","firebasedatabase.instances.update","firebasehosting.sites.update","firebaserules.releases.create","firebaserules.releases.update","firebaserules.rulesets.create"]
[debug] [2019-01-13T01:10:00.580Z] >>> HTTP REQUEST POST https://cloudresourcemanager.googleapis.com/v1/projects/cabtureit:testIamPermissions  

[debug] [2019-01-13T01:10:03.930Z] <<< HTTP RESPONSE 200
[debug] [2019-01-13T01:10:03.933Z] >>> HTTP REQUEST GET https://firebase.googleapis.com/v1beta1/projects/cabtureit  
 
[debug] [2019-01-13T01:10:14.982Z] <<< HTTP RESPONSE 200
[info] 
[info] === Deploying to 'cabtureit'...
[info] 
[info] i  deploying database, storage, functions, hosting
[info] Running command: npm --prefix "%RESOURCE_DIR%" run lint
[info] +  functions: Finished running predeploy script.
[info] i  database: checking rules syntax...
[debug] [2019-01-13T01:10:26.709Z] >>> HTTP REQUEST PUT https://cabtureit.firebaseio.com/.settings/rules.json?dryRun=true  
 {
  /* Visit https://firebase.google.com/docs/database/security to learn more about security rules. */
  "rules": {
    ".read": false,
    ".write": false
  }
}
[debug] [2019-01-13T01:10:31.117Z] <<< HTTP RESPONSE 200
[info] +  database: rules syntax for database cabtureit is valid
[debug] [2019-01-13T01:10:31.120Z] >>> HTTP REQUEST GET https://appengine.googleapis.com/v1/apps/cabtureit  
 
[debug] [2019-01-13T01:10:37.100Z] <<< HTTP RESPONSE 200
[info] i  storage: checking storage.rules for compilation errors...
[debug] [2019-01-13T01:10:37.102Z] >>> HTTP REQUEST POST https://firebaserules.googleapis.com/v1/projects/cabtureit:test  

[debug] [2019-01-13T01:10:38.992Z] <<< HTTP RESPONSE 200
[info] +  storage: rules file storage.rules compiled successfully
[debug] [2019-01-13T01:10:38.995Z] > [functions] package.json contents: {
  "name": "functions",
  "description": "Cloud Functions for Firebase",
  "scripts": {
    "lint": "eslint .",
    "serve": "firebase serve --only functions",
    "shell": "firebase functions:shell",
    "start": "npm run shell",
    "deploy": "firebase deploy --only functions",
    "logs": "firebase functions:log"
  },
  "dependencies": {
    "firebase-admin": "~6.0.0",
    "firebase-functions": "^2.1.0"
  },
  "devDependencies": {
    "eslint": "^4.12.0",
    "eslint-plugin-promise": "^3.6.0"
  },
  "private": true
}
[info] i  functions: ensuring necessary APIs are enabled...
[debug] [2019-01-13T01:10:38.997Z] >>> HTTP REQUEST GET https://servicemanagement.googleapis.com/v1/services/cloudfunctions.googleapis.com/projectSettings/cabtureit?view=CONSUMER_VIEW  
 
[debug] [2019-01-13T01:10:38.997Z] >>> HTTP REQUEST GET https://servicemanagement.googleapis.com/v1/services/runtimeconfig.googleapis.com/projectSettings/cabtureit?view=CONSUMER_VIEW  
 
[debug] [2019-01-13T01:10:43.555Z] <<< HTTP RESPONSE 200
[debug] [2019-01-13T01:10:44.784Z] <<< HTTP RESPONSE 200
[info] +  functions: all necessary APIs are enabled
[debug] [2019-01-13T01:10:44.791Z] >>> HTTP REQUEST GET https://cloudresourcemanager.googleapis.com/v1/projects/cabtureit  
 
[debug] [2019-01-13T01:10:48.159Z] <<< HTTP RESPONSE 200
[debug] [2019-01-13T01:10:48.159Z] >>> HTTP REQUEST GET https://mobilesdk-pa.googleapis.com/v1/projects/85359410094:getServerAppConfig  
 
[debug] [2019-01-13T01:10:50.928Z] <<< HTTP RESPONSE 200
[debug] [2019-01-13T01:10:50.929Z] >>> HTTP REQUEST POST https://firebasehosting.googleapis.com/v1beta1/sites/cabtureit/versions  

[debug] [2019-01-13T01:10:54.766Z] <<< HTTP RESPONSE 200
[info] i  storage: uploading rules storage.rules...
[debug] [2019-01-13T01:10:54.768Z] >>> HTTP REQUEST POST https://firebaserules.googleapis.com/v1/projects/cabtureit/rulesets  

[debug] [2019-01-13T01:10:57.807Z] <<< HTTP RESPONSE 200
[debug] [2019-01-13T01:10:57.808Z] [rules] created ruleset projects/cabtureit/rulesets/ebe10ff5-9c7b-4b96-80f5-bc24a8d22b9d
[info] i  functions: preparing functions directory for uploading...
[debug] [2019-01-13T01:10:57.811Z] >>> HTTP REQUEST GET https://runtimeconfig.googleapis.com/v1beta1/projects/cabtureit/configs  
 
[debug] [2019-01-13T01:11:01.683Z] <<< HTTP RESPONSE 200
[info] i  hosting[cabtureit]: beginning deploy...
[info] i  hosting[cabtureit]: found 8 files in dist
[debug] [2019-01-13T01:11:01.953Z] [hosting] hash cache [ZGlzdA] load error: lines is not defined
[debug] [2019-01-13T01:11:02.082Z] [hosting] hash cache [ZGlzdA] stored for 8 files
[debug] [2019-01-13T01:11:02.083Z] [hosting][hash queue][FINAL]
[debug] [2019-01-13T01:11:02.083Z] >>> HTTP REQUEST POST https://firebasehosting.googleapis.com/v1beta1/sites/cabtureit/versions/f374d192fde83a85:populateFiles  
 <request body omitted>
[debug] [2019-01-13T01:11:03.404Z] <<< HTTP RESPONSE 200
[debug] [2019-01-13T01:11:03.407Z] [hosting][populate queue][FINAL]
[debug] [2019-01-13T01:11:03.407Z] [hosting] uploads queued: 4
[debug] [2019-01-13T01:11:12.222Z] [hosting][upload queue][FINAL]
[info] +  hosting[cabtureit]: file upload complete
[debug] [2019-01-13T01:11:12.225Z] [hosting] deploy completed after 10288ms
[info] i  database: releasing rules...
[debug] [2019-01-13T01:11:15.962Z] >>> HTTP REQUEST PUT https://cabtureit.firebaseio.com/.settings/rules.json  
 {
  /* Visit https://firebase.google.com/docs/database/security to learn more about security rules. */
  "rules": {
    ".read": false,
    ".write": false
  }
}
[debug] [2019-01-13T01:11:17.658Z] <<< HTTP RESPONSE 200
[info] +  database: rules for database cabtureit released successfully
[debug] [2019-01-13T01:11:17.664Z] [rules] releasing firebase.storage/cabtureit.appspot.com with ruleset projects/cabtureit/rulesets/ebe10ff5-9c7b-4b96-80f5-bc24a8d22b9d
[debug] [2019-01-13T01:11:17.664Z] >>> HTTP REQUEST PATCH https://firebaserules.googleapis.com/v1/projects/cabtureit/releases/firebase.storage/cabtureit.appspot.com  

[debug] [2019-01-13T01:11:21.445Z] <<< HTTP RESPONSE 200
[debug] [2019-01-13T01:11:21.445Z] [rules] updated release projects/cabtureit/releases/firebase.storage/cabtureit.appspot.com
[info] +  storage: released rules storage.rules to firebase.storage/cabtureit.appspot.com
[debug] [2019-01-13T01:11:21.448Z] >>> HTTP REQUEST GET https://cloudfunctions.googleapis.com/v1/projects/cabtureit/locations/-/functions  
 
[debug] [2019-01-13T01:11:32.771Z] [functions] failed to list functions for cabtureit
[debug] [2019-01-13T01:11:32.772Z] [functions] Server Error. Client network socket disconnected before secure TLS connection was established
[debug] [2019-01-13T01:11:34.254Z] 
[error] 
[error] Error: An unexpected error has occurred.
